\BOOKMARK [0][-]{mychaptercounter.1}{\376\377\0001\000\040\000P\000r\000e\000m\000i\000e\000r\000s\000\040\000p\000a\000s\000\040\000v\000e\000r\000s\000\040\000A\000d\000i\000t\000u}{}% 1
\BOOKMARK [1][-]{section.1.1}{\376\377\000P\000r\000\351\000s\000e\000n\000t\000a\000t\000i\000o\000n\000\040\000d\000'\000A\000d\000i\000t\000u}{mychaptercounter.1}% 2
\BOOKMARK [2][-]{subsection.1.1.1}{\376\377\000S\000e\000c\000t\000e\000u\000r\000\040\000d\000'\000a\000c\000t\000i\000v\000i\000t\000\351}{section.1.1}% 3
\BOOKMARK [2][-]{subsection.1.1.2}{\376\377\000S\000e\000r\000v\000i\000c\000e\000s\000\040\000p\000r\000o\000p\000o\000s\000\351\000s}{section.1.1}% 4
\BOOKMARK [2][-]{subsection.1.1.3}{\376\377\000Z\000o\000n\000e\000\040\000d\000e\000\040\000c\000h\000a\000l\000a\000n\000d\000i\000s\000e}{section.1.1}% 5
\BOOKMARK [2][-]{subsection.1.1.4}{\376\377\000C\000l\000i\000e\000n\000t\000\350\000l\000e\000\040\000c\000i\000b\000l\000\351\000e}{section.1.1}% 6
\BOOKMARK [1][-]{section.1.2}{\376\377\000E\000n\000c\000a\000d\000r\000e\000m\000e\000n\000t\000\040\000d\000a\000n\000s\000\040\000l\000'\000e\000n\000t\000r\000e\000p\000r\000i\000s\000e}{mychaptercounter.1}% 7
\BOOKMARK [2][-]{subsection.1.2.1}{\376\377\000C\000o\000n\000d\000i\000t\000i\000o\000n\000s\000\040\000d\000e\000\040\000t\000r\000a\000v\000a\000i\000l}{section.1.2}% 8
\BOOKMARK [2][-]{subsection.1.2.2}{\376\377\000E\000n\000v\000i\000r\000o\000n\000n\000e\000m\000e\000n\000t\000\040\000d\000e\000\040\000t\000r\000a\000v\000a\000i\000l}{section.1.2}% 9
\BOOKMARK [2][-]{subsection.1.2.3}{\376\377\000J\000o\000u\000r\000n\000\351\000e\000\040\000t\000y\000p\000e}{section.1.2}% 10
\BOOKMARK [0][-]{mychaptercounter.2}{\376\377\0002\000\040\000P\000r\000e\000m\000i\000\350\000r\000e\000s\000\040\000a\000c\000t\000i\000v\000i\000t\000\351\000s}{}% 11
\BOOKMARK [1][-]{section.2.1}{\376\377\000P\000r\000i\000s\000e\000\040\000d\000e\000\040\000m\000a\000r\000q\000u\000e\000s}{mychaptercounter.2}% 12
\BOOKMARK [2][-]{subsection.2.1.1}{\376\377\000D\000\351\000c\000o\000u\000v\000e\000r\000t\000e\000\040\000d\000u\000\040\000f\000o\000n\000c\000t\000i\000o\000n\000n\000e\000m\000e\000n\000t\000\040\000d\000e\000\040\000l\000'\000i\000n\000f\000r\000a\000s\000t\000r\000u\000c\000t\000u\000r\000e}{section.2.1}% 13
\BOOKMARK [2][-]{subsection.2.1.2}{\376\377\000A\000c\000c\000o\000u\000t\000u\000m\000a\000n\000c\000e\000\040\000a\000u\000x\000\040\000b\000o\000n\000n\000e\000s\000\040\000p\000r\000a\000t\000i\000q\000u\000e\000s}{section.2.1}% 14
\BOOKMARK [1][-]{section.2.2}{\376\377\000M\000i\000s\000e\000\040\000e\000n\000\040\000p\000l\000a\000c\000e\000\040\000d\000e\000\040\000s\000e\000r\000v\000i\000c\000e\000s\000\040\000i\000n\000t\000e\000r\000n\000e\000s}{mychaptercounter.2}% 15
\BOOKMARK [2][-]{subsection.2.2.1}{\376\377\000A\000m\000\351\000n\000a\000g\000e\000m\000e\000n\000t\000\040\000d\000'\000u\000n\000\040\000e\000n\000v\000i\000r\000o\000n\000n\000e\000m\000e\000n\000t\000\040\000c\000o\000n\000t\000e\000n\000e\000u\000r\000i\000s\000\351}{section.2.2}% 16
\BOOKMARK [2][-]{subsection.2.2.2}{\376\377\000I\000n\000s\000t\000a\000l\000l\000a\000t\000i\000o\000n\000\040\000d\000'\000u\000n\000\040\000p\000r\000o\000x\000y\000\040\000i\000n\000v\000e\000r\000s\000e}{section.2.2}% 17
\BOOKMARK [2][-]{subsection.2.2.3}{\376\377\000M\000o\000n\000t\000a\000g\000e\000\040\000d\000'\000u\000n\000\040\000s\000e\000r\000v\000i\000c\000e\000\040\000d\000e\000\040\000p\000a\000r\000t\000a\000g\000e\000\040\000d\000'\000i\000n\000f\000o\000r\000m\000a\000t\000i\000o\000n\000s\000\040\000s\000\351\000c\000u\000r\000i\000s\000\351}{section.2.2}% 18
\BOOKMARK [2][-]{subsection.2.2.4}{\376\377\000I\000m\000p\000l\000\351\000m\000e\000n\000t\000a\000t\000i\000o\000n\000\040\000d\000'\000u\000n\000e\000\040\000s\000o\000l\000u\000t\000i\000o\000n\000\040\000d\000e\000\040\000p\000a\000r\000t\000a\000g\000e\000\040\000d\000e\000\040\000f\000i\000c\000h\000i\000e\000r\000s\000\040\000v\000o\000l\000u\000m\000i\000n\000e\000u\000x}{section.2.2}% 19
\BOOKMARK [2][-]{subsection.2.2.5}{\376\377\000D\000\351\000p\000l\000o\000i\000e\000m\000e\000n\000t\000\040\000d\000'\000u\000n\000e\000\040\000c\000o\000n\000s\000o\000l\000e\000\040\000d\000e\000\040\000v\000\351\000r\000i\000f\000i\000c\000a\000t\000i\000o\000n\000\040\000d\000e\000\040\000d\000i\000s\000p\000o\000n\000i\000b\000i\000l\000i\000t\000\351}{section.2.2}% 20
\BOOKMARK [0][-]{mychaptercounter.3}{\376\377\0003\000\040\000A\000n\000n\000e\000x\000e\000s}{}% 21
\BOOKMARK [1][-]{section.3.1}{\376\377\000Z\000o\000n\000e\000\040\000d\000e\000\040\000c\000h\000a\000l\000a\000n\000d\000i\000s\000e}{mychaptercounter.3}% 22
\BOOKMARK [1][-]{section.3.2}{\376\377\000F\000i\000c\000h\000e\000\040\000d\000e\000\040\000p\000o\000s\000t\000e}{mychaptercounter.3}% 23
