\BOOKMARK [0][-]{mychaptercounter.1}{\376\377\0001\000\040\000R\0003\000C\000y\000b\000e\000r\0001\0006\000\040\000M\000\351\000t\000h\000o\000d\000o\000l\000o\000g\000i\000e\000\040\000d\000u\000\040\000p\000e\000n\000t\000e\000s\000t\000i\000n\000g\000\040\000\050\0002\0004\000h\000\051}{}% 1
\BOOKMARK [1][-]{section.1.1}{\376\377\000A\000p\000p\000r\000e\000n\000t\000i\000s\000s\000a\000g\000e\000\040\000t\000h\000\351\000o\000r\000i\000q\000u\000e\000\040\000d\000e\000s\000\040\000\351\000t\000a\000p\000e\000s\000\040\000d\000'\000u\000n\000\040\000t\000e\000s\000t\000\040\000d\000'\000i\000n\000t\000r\000u\000s\000i\000o\000n}{mychaptercounter.1}% 2
\BOOKMARK [1][-]{section.1.2}{\376\377\000A\000p\000p\000l\000i\000c\000a\000t\000i\000o\000n\000\040\000e\000t\000\040\000d\000\351\000c\000o\000u\000v\000e\000r\000t\000e\000\040\000d\000e\000\040\000l\000'\000a\000n\000a\000l\000y\000s\000e\000\040\000d\000e\000\040\000s\000\351\000c\000u\000r\000i\000t\000\351}{mychaptercounter.1}% 3
\BOOKMARK [1][-]{section.1.3}{\376\377\000A\000b\000o\000u\000t\000i\000s\000s\000a\000n\000t\000s\000\040\000d\000e\000\040\000l\000'\000e\000n\000s\000e\000i\000g\000n\000e\000m\000e\000n\000t}{mychaptercounter.1}% 4
\BOOKMARK [0][-]{mychaptercounter.2}{\376\377\0002\000\040\000R\0003\000R\000o\000m\0001\0006\000\040\000I\000n\000g\000\351\000n\000i\000e\000r\000i\000e\000\040\000d\000e\000\040\000l\000a\000\040\000t\000\351\000l\000\351\000p\000h\000o\000n\000i\000e\000\040\000s\000u\000r\000\040\000I\000P\000\040\000\050\0001\000h\0003\0000\000\051}{}% 5
\BOOKMARK [0][-]{mychaptercounter.3}{\376\377\0003\000\040\000R\0003\0000\0001\000\040\000R\000\351\000s\000e\000a\000u\000x\000\040\000d\000e\000\040\000c\000a\000m\000p\000u\000s\000\040\000\050\0003\0000\000h\000\051}{}% 6
\BOOKMARK [1][-]{section.3.1}{\376\377\000H\000a\000r\000d\000e\000n\000i\000n\000g\000\040\000d\000u\000\040\000p\000r\000o\000t\000o\000c\000o\000l\000e\000\040\000S\000S\000H}{mychaptercounter.3}% 7
\BOOKMARK [1][-]{section.3.2}{\376\377\000R\000e\000v\000u\000\040\000d\000e\000s\000\040\000p\000o\000s\000s\000i\000b\000i\000l\000i\000t\000\351\000s\000\040\000d\000'\000A\000n\000s\000i\000b\000l\000e}{mychaptercounter.3}% 8
\BOOKMARK [1][-]{section.3.3}{\376\377\000T\000y\000p\000e\000s\000\040\000d\000e\000\040\000r\000o\000u\000t\000a\000g\000e\000\040\000i\000n\000t\000e\000r\000-\000V\000L\000A\000N}{mychaptercounter.3}% 9
\BOOKMARK [1][-]{section.3.4}{\376\377\000\311\000t\000u\000d\000e\000\040\000d\000e\000\040\000l\000'\000O\000S\000P\000F}{mychaptercounter.3}% 10
\BOOKMARK [1][-]{section.3.5}{\376\377\000P\000a\000s\000s\000a\000g\000e\000\040\000s\000u\000r\000\040\000H\000S\000R\000P}{mychaptercounter.3}% 11
\BOOKMARK [1][-]{section.3.6}{\376\377\000A\000c\000t\000i\000v\000i\000t\000\351\000s\000\040\000E\000I\000G\000R\000P\000\040\000e\000t\000\040\000B\000G\000P}{mychaptercounter.3}% 12
\BOOKMARK [1][-]{section.3.7}{\376\377\000A\000b\000o\000u\000t\000i\000s\000s\000a\000n\000t\000s\000\040\000d\000u\000\040\000m\000o\000d\000u\000l\000e}{mychaptercounter.3}% 13
\BOOKMARK [0][-]{mychaptercounter.4}{\376\377\0004\000\040\000R\0003\0000\0003\000\040\000S\000e\000r\000v\000i\000c\000e\000s\000\040\000r\000\351\000s\000e\000a\000u\000x\000\040\000a\000v\000a\000n\000c\000\351\000s\000\040\000\050\0002\0001\000h\000\051}{}% 14
\BOOKMARK [1][-]{section.4.1}{\376\377\000C\000o\000m\000p\000r\000\351\000h\000e\000n\000s\000i\000o\000n\000\040\000d\000e\000\040\000B\000i\000n\000d\0009}{mychaptercounter.4}% 15
\BOOKMARK [1][-]{section.4.2}{\376\377\000M\000i\000s\000e\000\040\000e\000n\000\040\000p\000l\000a\000c\000e\000\040\000d\000e\000\040\000P\000o\000s\000t\000f\000i\000x\000\040\000e\000t\000\040\000D\000o\000v\000e\000c\000o\000t}{mychaptercounter.4}% 16
\BOOKMARK [1][-]{section.4.3}{\376\377\000A\000b\000o\000u\000t\000i\000s\000s\000a\000n\000t\000s\000\040\000d\000u\000\040\000m\000o\000d\000u\000l\000e}{mychaptercounter.4}% 17
\BOOKMARK [0][-]{mychaptercounter.5}{\376\377\0005\000\040\000R\0003\0000\0004\000\040\000S\000e\000r\000v\000i\000c\000e\000s\000\040\000d\000'\000a\000n\000n\000u\000a\000i\000r\000e\000s\000\040\000\050\0001\0000\000h\0003\0000\000\051}{}% 18
\BOOKMARK [1][-]{section.5.1}{\376\377\000S\000e\000r\000v\000i\000c\000e\000\040\000d\000'\000a\000n\000n\000u\000a\000i\000r\000e\000\040\000L\000D\000A\000P}{mychaptercounter.5}% 19
\BOOKMARK [1][-]{section.5.2}{\376\377\000A\000b\000o\000u\000t\000i\000s\000s\000a\000n\000t\000s\000\040\000d\000u\000\040\000m\000o\000d\000u\000l\000e}{mychaptercounter.5}% 20
\BOOKMARK [0][-]{mychaptercounter.6}{\376\377\0006\000\040\000R\0003\0000\0005\000\040\000C\000h\000a\000\356\000n\000e\000\040\000d\000e\000\040\000t\000r\000a\000n\000s\000m\000i\000s\000s\000i\000o\000n\000\040\000n\000u\000m\000\351\000r\000i\000q\000u\000e\000\040\000\050\0002\0007\000h\000\051}{}% 21
\BOOKMARK [1][-]{section.6.1}{\376\377\000C\000a\000r\000a\000c\000t\000\351\000r\000i\000s\000a\000t\000i\000o\000n\000\040\000d\000'\000u\000n\000\040\000c\000a\000n\000a\000l\000\040\000d\000e\000\040\000t\000r\000a\000n\000s\000m\000i\000s\000s\000i\000o\000n}{mychaptercounter.6}% 22
\BOOKMARK [1][-]{section.6.2}{\376\377\000F\000i\000a\000b\000i\000l\000i\000s\000a\000t\000i\000o\000n\000\040\000d\000'\000u\000n\000e\000\040\000t\000r\000a\000n\000s\000m\000i\000s\000s\000i\000o\000n}{mychaptercounter.6}% 23
\BOOKMARK [1][-]{section.6.3}{\376\377\000A\000b\000o\000u\000t\000i\000s\000s\000a\000n\000t\000s\000\040\000d\000u\000\040\000m\000o\000d\000u\000l\000e}{mychaptercounter.6}% 24
\BOOKMARK [0][-]{mychaptercounter.7}{\376\377\0007\000\040\000R\0003\0000\0007\000\040\000R\000\351\000s\000e\000a\000u\000x\000\040\000d\000'\000a\000c\000c\000\350\000s\000\040\000\050\0002\0004\000h\000\051}{}% 25
\BOOKMARK [1][-]{section.7.1}{\376\377\000A\000p\000p\000r\000e\000n\000t\000i\000s\000s\000a\000g\000e\000\040\000t\000h\000\351\000o\000r\000i\000q\000u\000e\000\040\000d\000e\000s\000\040\000r\000\351\000s\000e\000a\000u\000x\000\040\000\340\000\040\000t\000e\000c\000h\000n\000o\000l\000o\000g\000i\000e\000\040\000x\000D\000S\000L}{mychaptercounter.7}% 26
\BOOKMARK [1][-]{section.7.2}{\376\377\000P\000r\000o\000j\000e\000t\000\040\000d\000'\000\351\000t\000u\000d\000e\000\040\000d\000'\000u\000n\000\040\000r\000\351\000s\000e\000a\000u\000\040\000d\000'\000a\000c\000c\000\350\000s\000\040\000A\000D\000S\000L}{mychaptercounter.7}% 27
\BOOKMARK [1][-]{section.7.3}{\376\377\000A\000b\000o\000u\000t\000i\000s\000s\000a\000n\000t\000s\000\040\000d\000u\000\040\000m\000o\000d\000u\000l\000e}{mychaptercounter.7}% 28
\BOOKMARK [0][-]{mychaptercounter.8}{\376\377\0008\000\040\000R\0003\0000\0008\000\040\000C\000o\000n\000s\000o\000l\000i\000d\000a\000t\000i\000o\000n\000\040\000d\000e\000\040\000l\000a\000\040\000p\000r\000o\000g\000r\000a\000m\000m\000a\000t\000i\000o\000n\000\040\000\050\0002\0007\000h\000\051}{}% 29
\BOOKMARK [1][-]{section.8.1}{\376\377\000I\000n\000t\000r\000o\000d\000u\000c\000t\000i\000o\000n\000\040\000\340\000\040\000l\000a\000\040\000p\000r\000o\000g\000r\000a\000m\000m\000a\000t\000i\000o\000n\000\040\000o\000r\000i\000e\000n\000t\000\351\000e\000\040\000o\000b\000j\000e\000t}{mychaptercounter.8}% 30
\BOOKMARK [1][-]{section.8.2}{\376\377\000C\000a\000s\000\040\000d\000'\000u\000s\000a\000g\000e\000\040\000d\000e\000\040\000l\000a\000\040\000P\000O\000O}{mychaptercounter.8}% 31
\BOOKMARK [1][-]{section.8.3}{\376\377\000U\000t\000i\000l\000i\000s\000a\000t\000i\000o\000n\000\040\000a\000v\000a\000n\000c\000\351\000e}{mychaptercounter.8}% 32
\BOOKMARK [1][-]{section.8.4}{\376\377\000A\000b\000o\000u\000t\000i\000s\000s\000a\000n\000t\000s\000\040\000d\000u\000\040\000m\000o\000d\000u\000l\000e}{mychaptercounter.8}% 33
\BOOKMARK [0][-]{mychaptercounter.9}{\376\377\0009\000\040\000R\0003\0001\0000\000\040\000G\000e\000s\000t\000i\000o\000n\000\040\000d\000'\000u\000n\000\040\000s\000y\000s\000t\000\350\000m\000e\000\040\000d\000e\000\040\000b\000a\000s\000e\000s\000\040\000d\000e\000\040\000d\000o\000n\000n\000\351\000e\000s\000\040\000\050\0001\0000\000h\0003\0000\000\051}{}% 34
\BOOKMARK [1][-]{section.9.1}{\376\377\000C\000a\000r\000a\000c\000t\000\351\000r\000i\000s\000a\000t\000i\000o\000n\000\040\000d\000e\000s\000\040\000b\000a\000s\000e\000s\000\040\000d\000e\000\040\000d\000o\000n\000n\000\351\000e\000s\000\040\000l\000e\000s\000\040\000p\000l\000u\000s\000\040\000c\000o\000u\000r\000a\000n\000t\000e\000s}{mychaptercounter.9}% 35
\BOOKMARK [1][-]{section.9.2}{\376\377\000P\000r\000i\000s\000e\000\040\000e\000n\000\040\000m\000a\000i\000n\000\040\000d\000e\000\040\000M\000o\000n\000g\000o\000D\000B}{mychaptercounter.9}% 36
\BOOKMARK [1][-]{section.9.3}{\376\377\000A\000b\000o\000u\000t\000i\000s\000s\000a\000n\000t\000s\000\040\000d\000e\000\040\000l\000'\000a\000p\000p\000r\000e\000n\000t\000i\000s\000s\000a\000g\000e}{mychaptercounter.9}% 37
\BOOKMARK [0][-]{mychaptercounter.10}{\376\377\0001\0000\000\040\000R\0003\0001\0002\000\040\000E\000x\000p\000r\000e\000C\000o\000m\000m\000\040\000p\000r\000o\000f\000e\000s\000s\000i\000o\000n\000n\000e\000l\000l\000e\000\040\0003\000:\000\040\000s\000a\000v\000o\000i\000r\000\040\000c\000o\000l\000l\000a\000b\000o\000r\000e\000r\000\040\000\050\0001\0002\000h\000\051}{}% 38
\BOOKMARK [0][-]{mychaptercounter.11}{\376\377\0001\0001\000\040\000A\000n\000n\000e\000x\000e\000s}{}% 39
\BOOKMARK [1][-]{section.11.1}{\376\377\000N\000o\000t\000e\000s\000\040\000\046\000\040\000c\000o\000e\000f\000f\000i\000c\000i\000e\000n\000t\000s}{mychaptercounter.11}% 40
