\BOOKMARK [0][-]{mychaptercounter.1}{\376\377\0001\000\040\000L\000a\000n\000c\000e\000m\000e\000n\000t\000\040\000d\000e\000\040\000l\000a\000\040\000n\000o\000u\000v\000e\000l\000l\000e\000\040\000i\000n\000t\000e\000r\000f\000a\000c\000e\000\040\000d\000e\000\040\000s\000u\000p\000p\000o\000r\000t\000\040\000c\000l\000i\000e\000n\000t}{}% 1
\BOOKMARK [1][-]{section.1.1}{\376\377\000O\000u\000v\000e\000r\000t\000u\000r\000e\000\040\000d\000e\000\040\000l\000'\000i\000n\000t\000e\000r\000f\000a\000c\000e}{mychaptercounter.1}% 2
\BOOKMARK [2][-]{subsection.1.1.1}{\376\377\000E\000n\000v\000o\000i\000\040\000d\000e\000s\000\040\000i\000d\000e\000n\000t\000i\000f\000i\000a\000n\000t\000s\000\040\000a\000u\000x\000\040\000c\000l\000i\000e\000n\000t\000s}{section.1.1}% 3
\BOOKMARK [2][-]{subsection.1.1.2}{\376\377\000C\000h\000a\000n\000g\000e\000m\000e\000n\000t\000\040\000d\000u\000\040\000c\000o\000m\000p\000o\000r\000t\000e\000m\000e\000n\000t\000\040\000d\000e\000\040\000l\000'\000a\000p\000p\000l\000i\000c\000a\000t\000i\000o\000n}{section.1.1}% 4
\BOOKMARK [2][-]{subsection.1.1.3}{\376\377\000R\000e\000d\000i\000r\000e\000c\000t\000i\000o\000n\000\040\000d\000u\000\040\000s\000i\000t\000e\000\040\000s\000u\000p\000p\000o\000r\000t}{section.1.1}% 5
\BOOKMARK [1][-]{section.1.2}{\376\377\000V\000\351\000r\000i\000f\000i\000c\000a\000t\000i\000o\000n\000s\000\040\000a\000p\000r\000\350\000s\000\040\000b\000a\000s\000c\000u\000l\000e}{mychaptercounter.1}% 6
\BOOKMARK [1][-]{section.1.3}{\376\377\000E\000r\000r\000e\000u\000r\000s\000\040\000a\000p\000p\000r\000i\000s\000e\000s}{mychaptercounter.1}% 7
\BOOKMARK [2][-]{subsection.1.3.1}{\376\377\000M\000o\000t\000s\000\040\000d\000e\000\040\000p\000a\000s\000s\000e\000\040\000c\000o\000m\000p\000l\000e\000x\000e\000s}{section.1.3}% 8
\BOOKMARK [2][-]{subsection.1.3.2}{\376\377\000C\000a\000c\000h\000e\000\040\000d\000e\000s\000\040\000n\000a\000v\000i\000g\000a\000t\000e\000u\000r\000s\000\040\000c\000l\000i\000e\000n\000t\000s}{section.1.3}% 9
\BOOKMARK [2][-]{subsection.1.3.3}{\376\377\000U\000n\000\040\000l\000i\000e\000n\000\040\000n\000'\000e\000s\000t\000\040\000p\000a\000s\000\040\000u\000n\000\040\000m\000o\000t\000\040\000d\000e\000\040\000p\000a\000s\000s\000e}{section.1.3}% 10
\BOOKMARK [2][-]{subsection.1.3.4}{\376\377\000L\000e\000x\000i\000q\000u\000e\000\040\000t\000e\000c\000h\000n\000i\000q\000u\000e\000\040\000e\000n\000v\000e\000r\000s\000\040\000l\000e\000s\000\040\000c\000l\000i\000e\000n\000t\000s}{section.1.3}% 11
\BOOKMARK [0][-]{mychaptercounter.2}{\376\377\0002\000\040\000A\000s\000s\000a\000i\000n\000i\000s\000s\000e\000m\000e\000n\000t\000\040\000d\000u\000\040\000V\000T\000P\000\040\000a\000u\000\040\000d\000a\000t\000a\000\040\000c\000e\000n\000t\000r\000e\000\040\000d\000e\000\040\000D\000a\000x}{}% 12
\BOOKMARK [1][-]{section.2.1}{\376\377\000P\000o\000u\000r\000q\000u\000o\000i\000\040\000u\000n\000\040\000c\000h\000a\000n\000g\000e\000m\000e\000n\000t\000\040\000d\000e\000\040\000s\000u\000p\000e\000r\000v\000i\000s\000i\000o\000n}{mychaptercounter.2}% 13
\BOOKMARK [1][-]{section.2.2}{\376\377\000I\000n\000s\000p\000e\000c\000t\000i\000o\000n\000\040\000d\000u\000\040\000f\000o\000n\000c\000t\000i\000o\000n\000n\000e\000m\000e\000n\000t\000\040\000e\000t\000\040\000d\000e\000\040\000l\000'\000\351\000t\000a\000t\000\040\000d\000e\000\040\000l\000'\000a\000n\000c\000i\000e\000n\000n\000e\000\040\000s\000o\000l\000u\000t\000i\000o\000n}{mychaptercounter.2}% 14
\BOOKMARK [1][-]{section.2.3}{\376\377\000A\000p\000p\000r\000e\000n\000t\000i\000s\000s\000a\000g\000e\000\040\000e\000t\000\040\000d\000o\000c\000u\000m\000e\000n\000t\000a\000t\000i\000o\000n\000\040\000d\000e\000s\000\040\000p\000r\000i\000n\000c\000i\000p\000e\000s\000\040\000d\000e\000\040\000s\000u\000p\000e\000r\000v\000i\000s\000i\000o\000n}{mychaptercounter.2}% 15
\BOOKMARK [2][-]{subsection.2.3.1}{\376\377\000S\000u\000p\000e\000r\000v\000i\000s\000i\000o\000n\000\040\000p\000a\000s\000s\000i\000v\000e\000\040\000e\000t\000\040\000a\000c\000t\000i\000v\000e}{section.2.3}% 16
\BOOKMARK [2][-]{subsection.2.3.2}{\376\377\000L\000'\000a\000l\000e\000r\000t\000i\000n\000g\000,\000\040\000l\000a\000\040\000s\000u\000p\000e\000r\000v\000i\000s\000i\000o\000n\000\040\000e\000t\000\040\000l\000e\000s\000\040\000s\000t\000a\000t\000i\000s\000t\000i\000q\000u\000e\000s}{section.2.3}% 17
\BOOKMARK [2][-]{subsection.2.3.3}{\376\377\000M\000a\000i\000n\000t\000i\000e\000n\000t\000\040\000d\000e\000\040\000l\000a\000\040\000c\000h\000a\000r\000g\000e\000,\000\040\000r\000\351\000t\000e\000n\000t\000i\000o\000n\000,\000\040\000e\000x\000p\000a\000n\000s\000i\000b\000i\000l\000i\000t\000\351\000\040\000e\000t\000\040\000d\000i\000s\000t\000r\000i\000b\000u\000t\000i\000v\000i\000t\000\351}{section.2.3}% 18
\BOOKMARK [1][-]{section.2.4}{\376\377\000P\000r\000e\000m\000i\000\350\000r\000e\000s\000\040\000i\000n\000t\000\351\000g\000r\000a\000t\000i\000o\000n\000s\000\040\000e\000t\000\040\000\351\000t\000u\000d\000e\000s\000\040\000c\000o\000m\000p\000a\000r\000a\000t\000i\000v\000e\000s}{mychaptercounter.2}% 19
\BOOKMARK [2][-]{subsection.2.4.1}{\376\377\000M\000i\000s\000e\000\040\000e\000n\000\040\000\351\000t\000u\000d\000e\000\040\000d\000e\000s\000\040\000s\000o\000l\000u\000t\000i\000o\000n\000s}{section.2.4}% 20
\BOOKMARK [2][-]{subsection.2.4.2}{\376\377\000P\000o\000i\000n\000t\000\040\000r\000a\000p\000i\000d\000e\000\040\000s\000u\000r\000\040\000c\000h\000a\000c\000u\000n\000e\000\040\000d\000e\000s\000\040\000s\000o\000l\000u\000t\000i\000o\000n\000s\000\040\000t\000e\000s\000t\000\351\000e\000s}{section.2.4}% 21
\BOOKMARK [0][-]{mychaptercounter.3}{\376\377\0003\000\040\000A\000v\000a\000n\000c\000e\000m\000e\000n\000t\000s\000\040\000s\000u\000r\000\040\000l\000'\000\351\000t\000u\000d\000e\000\040\000d\000'\000u\000n\000e\000\040\000n\000o\000u\000v\000e\000l\000l\000e\000\040\000i\000n\000f\000r\000a\000s\000t\000r\000u\000c\000t\000u\000r\000e\000\040\000d\000e\000\040\000s\000u\000p\000e\000r\000v\000i\000s\000i\000o\000n}{}% 22
\BOOKMARK [1][-]{section.3.1}{\376\377\000A\000p\000p\000r\000e\000n\000t\000i\000s\000s\000a\000g\000e\000\040\000e\000t\000\040\000d\000\351\000p\000l\000o\000i\000e\000m\000e\000n\000t\000\040\000d\000e\000\040\000Z\000a\000b\000b\000i\000x}{mychaptercounter.3}% 23
\BOOKMARK [2][-]{subsection.3.1.1}{\376\377\000H\000a\000u\000t\000e\000\040\000d\000i\000s\000p\000o\000n\000i\000b\000i\000l\000i\000t\000\351}{section.3.1}% 24
\BOOKMARK [2][-]{subsection.3.1.2}{\376\377\000\311\000t\000u\000d\000e\000\040\000e\000t\000\040\000d\000i\000m\000e\000n\000s\000i\000o\000n\000n\000e\000m\000e\000n\000t\000\040\000d\000'\000u\000n\000e\000\040\000b\000a\000s\000e\000\040\000d\000e\000\040\000d\000o\000n\000n\000\351\000e\000s}{section.3.1}% 25
\BOOKMARK [1][-]{section.3.2}{\376\377\000P\000r\000i\000s\000e\000\040\000e\000n\000\040\000m\000a\000i\000n}{mychaptercounter.3}% 26
\BOOKMARK [0][-]{mychaptercounter.4}{\376\377\0004\000\040\000A\000n\000n\000e\000x\000e\000s}{}% 27
\BOOKMARK [1][-]{section.4.1}{\376\377\000C\000a\000h\000i\000e\000r\000\040\000d\000e\000s\000\040\000c\000h\000a\000r\000g\000e\000s\000\040\000s\000u\000p\000e\000r\000v\000i\000s\000i\000o\000n}{mychaptercounter.4}% 28
